2017-10-31 12:02:03 - PASSED  - start_oem_blackouts_DEST_DB
2017-10-31 12:02:03 - PASSED  - tnsping_SOURCE_DB
2017-10-31 12:02:03 - PASSED  - tnsping_DEST_DB
2017-10-31 12:02:03 - PASSED  - restart_DEST_DB_LSNR
2017-10-31 12:02:03 - PASSED  - status_DEST_DB_LSNR
2017-10-31 12:02:03 - PASSED  - replace_orapw_file_DEST_DB
2017-10-31 12:02:09 - PASSED  - restart_nomount_DEST_DB
2017-10-31 12:02:09 - PASSED  - sysbackup_test_SOURCE_DB
2017-10-31 12:02:09 - PASSED  - sysbackup_test_DEST_DB
2017-10-31 12:02:09 - PASSED  - sysdba_test_DEST_DB
2017-10-31 12:02:27 - PASSED  - drop_DEST_DB
2017-10-31 12:02:33 - PASSED  - restart_nomount_DEST_DB
2017-10-31 12:04:05 - PASSED  - do_rman_dup_from_active_to_DEST_DB
2017-10-31 12:04:05 - PASSED  - restart_DEST_DB_LSNR
2017-10-31 12:04:05 - PASSED  - disable_auto_maint_tasks_DEST_DB
2017-10-31 12:05:31 - PASSED  - disable_archive_log_mode_DEST_DB
2017-10-31 12:05:32 - PASSED  - delete_all_archivelogs_DEST_DB
2017-10-31 12:05:33 - PASSED  - purge_recyclebin_DEST_DB
2017-10-31 12:05:33 - PASSED  - set_ADR_purge_policies_DEST_DB
2017-10-31 12:05:34 - PASSED  - cleanup_audit_tabs_DEST_DB
2017-10-31 12:05:34 - PASSED  - cleanup_unified_auditing_DEST_DB
2017-10-31 12:05:35 - PASSED  - reset_RMAN_config_DEST_DB
2017-10-31 12:05:35 - PASSED  - recreate_DB_dirs_DEST_DB
2017-10-31 12:05:38 - PASSED  - disable_all_non_system_scheduler_jobs_DEST_DB
2017-10-31 12:05:38 - PASSED  - break_all_non_system_db_jobs_DEST_DB
2017-10-31 12:05:38 - PASSED  - execute_post_DB_refresh_script
2017-10-31 12:05:42 - PASSED  - stop_oem_blackouts_DEST_DB
