
Tue Oct 31 12:01:57 GMT 2017 - rman_dup_refresh started

Main log file              : /home/oracle/josh/rman_dup_refresh/JOSH/logs/rman_dup_refresh_JOSHC1_JOSHC2_20171031_1201.log
RMAN log file              : /home/oracle/josh/rman_dup_refresh/JOSH/logs/rman_dup_refresh_JOSHC1_JOSHC2_20171031_1201_rman.log
Results log file           : /home/oracle/josh/rman_dup_refresh/JOSH/logs/rman_dup_refresh_JOSHC1_JOSHC2_20171031_1201_results.log
Source DB SID              : JOSHC1
Destination DB SID         : JOSHC2

Post refresh SQL directory : /home/oracle/josh/rman_dup_refresh/JOSH/post_DB_refresh
Post refresh SQL log file  : /home/oracle/josh/rman_dup_refresh/JOSH/logs/rman_dup_refresh_JOSHC1_JOSHC2_20171031_1201_post_DB_refresh.log


*** non-interactive session ***

Next: start OEM Cloud Control blackouts for database JOSHC2 and its listener
NEXT_STEP = start_oem_blackouts_DEST_DB

*** Starting OEM blackout for database JOSHC2

*** Starting OEM blackout for database listener 
Oracle Enterprise Manager Cloud Control 13c Release 2  
Copyright (c) 1996, 2016 Oracle Corporation.  All rights reserved.
Blackout rman_dup_refresh_JOSHC2 added successfully
EMD reload completed successfully
Oracle Enterprise Manager Cloud Control 13c Release 2  
Copyright (c) 1996, 2016 Oracle Corporation.  All rights reserved.
Blackoutname = rman_dup_refresh_JOSHC2
Targets = (JOSHC2:oracle_database,LISTENER_JOSHC2_oel6-db-dg:oracle_listener,)
Time = ({2017-10-31|12:02:01,|} )
Expired = False


*** PASSED ***

Next: check that the SOURCE database JOSHC1 can be TNS pinged
NEXT_STEP = tnsping_SOURCE_DB

*** Pinging database JOSHC1 with TNS_ADMIN = /home/oracle/josh/rman_dup_refresh/JOSH/tns_admin ***

TNS Ping Utility for Linux: Version 12.1.0.2.0 - Production on 31-OCT-2017 12:02:03

Copyright (c) 1997, 2014, Oracle.  All rights reserved.

Used parameter files:
/home/oracle/josh/rman_dup_refresh/JOSH/tns_admin/sqlnet.ora


Used TNSNAMES adapter to resolve the alias
Attempting to contact (DESCRIPTION = (ADDRESS = (PROTOCOL = TCP)(Host = oel6-db-dev)(Port = 1522)) (CONNECT_DATA = (SERVER = DEDICATED) (SERVICE_NAME = JOSHC1)))
OK (0 msec)

*** PASSED ***

Next: check that the DESTINATION database JOSHC2 can be TNS pinged

*** Pinging database JOSHC2 with TNS_ADMIN = /home/oracle/josh/rman_dup_refresh/JOSH/tns_admin ***

TNS Ping Utility for Linux: Version 12.1.0.2.0 - Production on 31-OCT-2017 12:02:03

Copyright (c) 1997, 2014, Oracle.  All rights reserved.

Used parameter files:
/home/oracle/josh/rman_dup_refresh/JOSH/tns_admin/sqlnet.ora


Used TNSNAMES adapter to resolve the alias
Attempting to contact (DESCRIPTION = (ADDRESS = (PROTOCOL = TCP)(Host = oel6-db-dg)(Port = 1522)) (CONNECT_DATA = (SERVER = DEDICATED) (SERVICE_NAME = JOSHC2)))
OK (0 msec)

*** PASSED ***

Next: restart the DESTINATION database JOSHC2 listener wth TNS_ADMIN = /home/oracle/josh/rman_dup_refresh/JOSH/tns_admin

*** Stopping listener LISTENER_JOSHC2 ***

LSNRCTL for Linux: Version 12.1.0.2.0 - Production on 31-OCT-2017 12:02:03

Copyright (c) 1991, 2014, Oracle.  All rights reserved.

Connecting to (DESCRIPTION=(ADDRESS=(PROTOCOL=TCP)(HOST=oel6-db-dg)(PORT=1522)))
The command completed successfully

*** Starting listener LISTENER_JOSHC2 with TNS_ADMIN = /home/oracle/josh/rman_dup_refresh/JOSH/tns_admin ***

LSNRCTL for Linux: Version 12.1.0.2.0 - Production on 31-OCT-2017 12:02:03

Copyright (c) 1991, 2014, Oracle.  All rights reserved.

Starting /apps/oracle/product/12.1.0.2/dbhome_1/bin/tnslsnr: please wait...

TNSLSNR for Linux: Version 12.1.0.2.0 - Production
System parameter file is /home/oracle/josh/rman_dup_refresh/JOSH/tns_admin/listener.ora
Log messages written to /apps/oracle/diag/tnslsnr/oel6-db-dg/listener_joshc2/alert/log.xml
Listening on: (DESCRIPTION=(ADDRESS=(PROTOCOL=tcp)(HOST=oel6-db-dg)(PORT=1522)))

Connecting to (DESCRIPTION=(ADDRESS=(PROTOCOL=TCP)(HOST=oel6-db-dg)(PORT=1522)))
STATUS of the LISTENER
------------------------
Alias                     LISTENER_JOSHC2
Version                   TNSLSNR for Linux: Version 12.1.0.2.0 - Production
Start Date                31-OCT-2017 12:02:03
Uptime                    0 days 0 hr. 0 min. 0 sec
Trace Level               off
Security                  ON: Local OS Authentication
SNMP                      OFF
Listener Parameter File   /home/oracle/josh/rman_dup_refresh/JOSH/tns_admin/listener.ora
Listener Log File         /apps/oracle/diag/tnslsnr/oel6-db-dg/listener_joshc2/alert/log.xml
Listening Endpoints Summary...
  (DESCRIPTION=(ADDRESS=(PROTOCOL=tcp)(HOST=oel6-db-dg)(PORT=1522)))
Services Summary...
Service "JOSHC2" has 1 instance(s).
  Instance "JOSHC2", status UNKNOWN, has 1 handler(s) for this service...
The command completed successfully

TNS Ping Utility for Linux: Version 12.1.0.2.0 - Production on 31-OCT-2017 12:02:03

Copyright (c) 1997, 2014, Oracle.  All rights reserved.

Used parameter files:
/home/oracle/josh/rman_dup_refresh/JOSH/tns_admin/sqlnet.ora


Used TNSNAMES adapter to resolve the alias
Attempting to contact (ADDRESS = (PROTOCOL = TCP)(HOST = oel6-db-dg)(PORT = 1522))
OK (0 msec)
*** PASSED ***

Next: check the status of the DESTINATION database JOSHC2 listener

*** Checking listener LISTENER_JOSHC2 ***

LSNRCTL for Linux: Version 12.1.0.2.0 - Production on 31-OCT-2017 12:02:03

Copyright (c) 1991, 2014, Oracle.  All rights reserved.

Connecting to (DESCRIPTION=(ADDRESS=(PROTOCOL=TCP)(HOST=oel6-db-dg)(PORT=1522)))
STATUS of the LISTENER
------------------------
Alias                     LISTENER_JOSHC2
Version                   TNSLSNR for Linux: Version 12.1.0.2.0 - Production
Start Date                31-OCT-2017 12:02:03
Uptime                    0 days 0 hr. 0 min. 0 sec
Trace Level               off
Security                  ON: Local OS Authentication
SNMP                      OFF
Listener Parameter File   /home/oracle/josh/rman_dup_refresh/JOSH/tns_admin/listener.ora
Listener Log File         /apps/oracle/diag/tnslsnr/oel6-db-dg/listener_joshc2/alert/log.xml
Listening Endpoints Summary...
  (DESCRIPTION=(ADDRESS=(PROTOCOL=tcp)(HOST=oel6-db-dg)(PORT=1522)))
Services Summary...
Service "JOSHC2" has 1 instance(s).
  Instance "JOSHC2", status UNKNOWN, has 1 handler(s) for this service...
The command completed successfully
*** PASSED ***

Next: replace the password file for the DESTINATION database JOSHC2

*** Replacing the Oracle database password file for JOSHC2 ***
*** PASSED ***

Next: restart the DESTINATION database JOSHC2 to nomount state
NEXT_STEP = restart_nomount_DEST_DB

*** Restarting database instance JOSHC2 to nomount state ***
USER is "SYS"
ORACLE instance shut down.
ORACLE instance started.

Total System Global Area  281018368 bytes
Fixed Size		    2923440 bytes
Variable Size		  222299216 bytes
Database Buffers	   50331648 bytes
Redo Buffers		    5464064 bytes

Database Name
--------------------------------------------------------------------------------------------------------------------------------------------------------------------------------------------------------
db_name = JOSHC2

1 row selected.

Elapsed: 00:00:00.00

Archive Log Destinations
--------------------------------------------------------------------------------------------------------------------------------------------------------------------------------------------------------
log_archive_dest_1 = location=use_db_recovery_file_dest
log_archive_dest_2 = NOT SET
log_archive_dest_3 = NOT SET
log_archive_dest_4 = NOT SET
log_archive_dest_5 = NOT SET
log_archive_dest_6 = NOT SET
log_archive_dest_7 = NOT SET
log_archive_dest_8 = NOT SET
log_archive_dest_9 = NOT SET

9 rows selected.

Elapsed: 00:00:00.01

File Name Convert Parameters
--------------------------------------------------------------------------------------------------------------------------------------------------------------------------------------------------------
db_file_name_convert =
log_file_name_convert =

2 rows selected.

Elapsed: 00:00:00.00

Job Scheduler Processes
--------------------------------------------------------------------------------------------------------------------------------------------------------------------------------------------------------
job_queue_processes = 1000

1 row selected.

Elapsed: 00:00:00.00
select open_mode from v$database
                      *
ERROR at line 1:
ORA-01507: database not mounted


Elapsed: 00:00:00.01

*** PASSED ***

Next: check that the SOURCE database JOSHC1 can be logged into using SQLplus as SYSBACKUP

*** Testing SYSBACKUP access to JOSHC1 ***
USER is "SYSBACKUP"

NAME				     TYPE	 VALUE
------------------------------------ ----------- ------------------------------
db_unique_name			     string	 JOSHC1

NAME	  DB_UNIQUE_NAME		 OPEN_MODE	      LOG_MODE	   DATABASE_ROLE
--------- ------------------------------ -------------------- ------------ ----------------
JOSHC1	  JOSHC1			 READ WRITE	      ARCHIVELOG   PRIMARY

1 row selected.

Elapsed: 00:00:00.01

HOST_NAME							 INSTANCE_NAME	  STATUS       INSTANCE_ROLE
---------------------------------------------------------------- ---------------- ------------ ------------------
oel6-db-dev							 JOSHC1 	  OPEN	       PRIMARY_INSTANCE

1 row selected.

Elapsed: 00:00:00.00

*** PASSED ***

Next: check that the DESTINATION database JOSHC2 can be logged into using SQLplus as SYSBACKUP

*** Testing SYSBACKUP access to JOSHC2 ***
USER is "SYSBACKUP"

NAME				     TYPE	 VALUE
------------------------------------ ----------- ------------------------------
db_name 			     string	 JOSHC2

*** PASSED ***

Next: check that the DESTINATION database JOSHC2 can be logged into using SQLplus as SYSDBA

*** Testing SYSDBA access to JOSHC2 ***
USER is "SYS"

NAME				     TYPE	 VALUE
------------------------------------ ----------- ------------------------------
db_name 			     string	 JOSHC2

*** PASSED ***

Next: drop the DESTINATION database JOSHC2
NEXT_STEP = drop_DEST_DB

*** Dropping database JOSHC2 ***

Backing up existing initJOSHC2.ora to /home/oracle/josh/rman_dup_refresh/JOSH/backups/initJOSHC2.ora_bak_20171031_1201
USER is "SYS"
ORACLE instance shut down.
ORACLE instance started.

Total System Global Area  281018368 bytes
Fixed Size		    2923440 bytes
Variable Size		  222299216 bytes
Database Buffers	   50331648 bytes
Redo Buffers		    5464064 bytes
Database mounted.

Database dropped.

Elapsed: 00:00:08.21

Removing old OS audit file directory and contents

Removing old /archive/JOSHC2 directory and any contents

Creating directory /apps/oracle/admin/JOSHC2/adump/

Creating directory /oradata/JOSHC2 

Creating directory /redo/JOSHC2 

Creating directory /archive/JOSHC2 

Creating directory /backup/JOSHC2 

*** PASSED ***

Next: restart the DESTINATION database JOSHC2 ready for RMAN duplication

*** Restarting database instance JOSHC2 to nomount state ***
alter session set NLS_DATE_FORMAT='yyyy-mm-dd hh24:mi:ss'
*
ERROR at line 1:
ORA-01034: ORACLE not available
Process ID: 0
Session ID: 0 Serial number: 0


USER is "SYS"
ORACLE instance shut down.
ORACLE instance started.

Total System Global Area  281018368 bytes
Fixed Size		    2923440 bytes
Variable Size		  222299216 bytes
Database Buffers	   50331648 bytes
Redo Buffers		    5464064 bytes

Database Name
--------------------------------------------------------------------------------------------------------------------------------------------------------------------------------------------------------
db_name = JOSHC2

1 row selected.

Elapsed: 00:00:00.01

Archive Log Destinations
--------------------------------------------------------------------------------------------------------------------------------------------------------------------------------------------------------
log_archive_dest_1 = location=use_db_recovery_file_dest
log_archive_dest_2 = NOT SET
log_archive_dest_3 = NOT SET
log_archive_dest_4 = NOT SET
log_archive_dest_5 = NOT SET
log_archive_dest_6 = NOT SET
log_archive_dest_7 = NOT SET
log_archive_dest_8 = NOT SET
log_archive_dest_9 = NOT SET

9 rows selected.

Elapsed: 00:00:00.00

File Name Convert Parameters
--------------------------------------------------------------------------------------------------------------------------------------------------------------------------------------------------------
db_file_name_convert =
log_file_name_convert =

2 rows selected.

Elapsed: 00:00:00.01

Job Scheduler Processes
--------------------------------------------------------------------------------------------------------------------------------------------------------------------------------------------------------
job_queue_processes = 1000

1 row selected.

Elapsed: 00:00:00.00
select open_mode from v$database
                      *
ERROR at line 1:
ORA-01507: database not mounted


Elapsed: 00:00:00.01

*** PASSED ***

Next: start the RMAN duplication from JOSHC1 to recreate JOSHC2
NEXT_STEP = do_rman_dup_from_active_to_DEST_DB

*** Starting RMAN Duplication from active JOSHC1 to JOSHC2 ***

Recovery Manager: Release 12.1.0.2.0 - Production on Tue Oct 31 12:02:33 2017

Copyright (c) 1982, 2014, Oracle and/or its affiliates.  All rights reserved.

RMAN> 
RMAN> 
connected to target database: JOSHC1 (DBID=1227483360)

RMAN> 
connected to auxiliary database: JOSHC2 (not mounted)

RMAN> 
RMAN> 2> 3> 4> 5> 6> 7> 8> 9> 10> 
using target database control file instead of recovery catalog
old RMAN configuration parameters:
CONFIGURE DEVICE TYPE DISK PARALLELISM 8 BACKUP TYPE TO COMPRESSED BACKUPSET;
new RMAN configuration parameters:
CONFIGURE DEVICE TYPE DISK PARALLELISM 8 BACKUP TYPE TO COMPRESSED BACKUPSET;
new RMAN configuration parameters are successfully stored

Starting Duplicate Db at 2017-10-31 12:02:35
allocated channel: ORA_AUX_DISK_1
channel ORA_AUX_DISK_1: SID=6 device type=DISK
allocated channel: ORA_AUX_DISK_2
channel ORA_AUX_DISK_2: SID=57 device type=DISK
allocated channel: ORA_AUX_DISK_3
channel ORA_AUX_DISK_3: SID=109 device type=DISK
allocated channel: ORA_AUX_DISK_4
channel ORA_AUX_DISK_4: SID=160 device type=DISK
allocated channel: ORA_AUX_DISK_5
channel ORA_AUX_DISK_5: SID=8 device type=DISK
allocated channel: ORA_AUX_DISK_6
channel ORA_AUX_DISK_6: SID=58 device type=DISK
allocated channel: ORA_AUX_DISK_7
channel ORA_AUX_DISK_7: SID=110 device type=DISK
allocated channel: ORA_AUX_DISK_8
channel ORA_AUX_DISK_8: SID=161 device type=DISK
current log archived

contents of Memory Script:
{
   sql clone "create spfile from memory";
}
executing Memory Script

sql statement: create spfile from memory

contents of Memory Script:
{
   shutdown clone immediate;
   startup clone nomount;
}
executing Memory Script

Oracle instance shut down

connected to auxiliary database (not started)
Oracle instance started

Total System Global Area     281018368 bytes

Fixed Size                     2923440 bytes
Variable Size                222299216 bytes
Database Buffers              50331648 bytes
Redo Buffers                   5464064 bytes

contents of Memory Script:
{
   sql clone "alter system set  db_name = 
 ''JOSHC1'' comment=
 ''Modified by RMAN duplicate'' scope=spfile";
   sql clone "alter system set  db_unique_name = 
 ''JOSHC2'' comment=
 ''Modified by RMAN duplicate'' scope=spfile";
   shutdown clone immediate;
   startup clone force nomount
   restore clone from service  'JOSHC1' primary controlfile;
   alter clone database mount;
}
executing Memory Script

sql statement: alter system set  db_name =  ''JOSHC1'' comment= ''Modified by RMAN duplicate'' scope=spfile

sql statement: alter system set  db_unique_name =  ''JOSHC2'' comment= ''Modified by RMAN duplicate'' scope=spfile

Oracle instance shut down

Oracle instance started

Total System Global Area     281018368 bytes

Fixed Size                     2923440 bytes
Variable Size                222299216 bytes
Database Buffers              50331648 bytes
Redo Buffers                   5464064 bytes

Starting restore at 2017-10-31 12:03:18
allocated channel: ORA_AUX_DISK_1
channel ORA_AUX_DISK_1: SID=6 device type=DISK
allocated channel: ORA_AUX_DISK_2
channel ORA_AUX_DISK_2: SID=57 device type=DISK
allocated channel: ORA_AUX_DISK_3
channel ORA_AUX_DISK_3: SID=109 device type=DISK
allocated channel: ORA_AUX_DISK_4
channel ORA_AUX_DISK_4: SID=160 device type=DISK
allocated channel: ORA_AUX_DISK_5
channel ORA_AUX_DISK_5: SID=7 device type=DISK
allocated channel: ORA_AUX_DISK_6
channel ORA_AUX_DISK_6: SID=110 device type=DISK
allocated channel: ORA_AUX_DISK_7
channel ORA_AUX_DISK_7: SID=58 device type=DISK
allocated channel: ORA_AUX_DISK_8
channel ORA_AUX_DISK_8: SID=161 device type=DISK

channel ORA_AUX_DISK_1: starting datafile backup set restore
channel ORA_AUX_DISK_1: using network backup set from service JOSHC1
channel ORA_AUX_DISK_1: restoring control file
channel ORA_AUX_DISK_1: restore complete, elapsed time: 00:00:02
output file name=/oradata/JOSHC2/cntrlJOSHC2_01.dbf
output file name=/redo/JOSHC2/cntrlJOSHC2_02.dbf
Finished restore at 2017-10-31 12:03:22

database mounted

contents of Memory Script:
{
   set newname for clone datafile  1 to new;
   set newname for clone datafile  2 to new;
   set newname for clone datafile  3 to new;
   set newname for clone datafile  4 to new;
   set newname for clone datafile  5 to new;
   restore
   from service  'JOSHC1'   clone database
   ;
   sql 'alter system archive log current';
}
executing Memory Script

executing command: SET NEWNAME

executing command: SET NEWNAME

executing command: SET NEWNAME

executing command: SET NEWNAME

executing command: SET NEWNAME

Starting restore at 2017-10-31 12:03:26
using channel ORA_AUX_DISK_1
using channel ORA_AUX_DISK_2
using channel ORA_AUX_DISK_3
using channel ORA_AUX_DISK_4
using channel ORA_AUX_DISK_5
using channel ORA_AUX_DISK_6
using channel ORA_AUX_DISK_7
using channel ORA_AUX_DISK_8

channel ORA_AUX_DISK_1: starting datafile backup set restore
channel ORA_AUX_DISK_1: using network backup set from service JOSHC1
channel ORA_AUX_DISK_1: specifying datafile(s) to restore from backup set
channel ORA_AUX_DISK_1: restoring datafile 00001 to /oradata/JOSHC2/datafile/o1_mf_system_%u_.dbf
channel ORA_AUX_DISK_2: starting datafile backup set restore
channel ORA_AUX_DISK_2: using network backup set from service JOSHC1
channel ORA_AUX_DISK_2: specifying datafile(s) to restore from backup set
channel ORA_AUX_DISK_2: restoring datafile 00002 to /oradata/JOSHC2/datafile/o1_mf_system_%u_.dbf
channel ORA_AUX_DISK_3: starting datafile backup set restore
channel ORA_AUX_DISK_3: using network backup set from service JOSHC1
channel ORA_AUX_DISK_3: specifying datafile(s) to restore from backup set
channel ORA_AUX_DISK_3: restoring datafile 00003 to /oradata/JOSHC2/datafile/o1_mf_sysaux_%u_.dbf
channel ORA_AUX_DISK_4: starting datafile backup set restore
channel ORA_AUX_DISK_4: using network backup set from service JOSHC1
channel ORA_AUX_DISK_4: specifying datafile(s) to restore from backup set
channel ORA_AUX_DISK_4: restoring datafile 00004 to /oradata/JOSHC2/datafile/o1_mf_sysaux_%u_.dbf
channel ORA_AUX_DISK_5: starting datafile backup set restore
channel ORA_AUX_DISK_5: using network backup set from service JOSHC1
channel ORA_AUX_DISK_5: specifying datafile(s) to restore from backup set
channel ORA_AUX_DISK_5: restoring datafile 00005 to /oradata/JOSHC2/datafile/o1_mf_undotbs1_%u_.dbf
channel ORA_AUX_DISK_2: restore complete, elapsed time: 00:00:04
channel ORA_AUX_DISK_1: restore complete, elapsed time: 00:00:08
channel ORA_AUX_DISK_4: restore complete, elapsed time: 00:00:08
channel ORA_AUX_DISK_3: restore complete, elapsed time: 00:00:16
channel ORA_AUX_DISK_5: restore complete, elapsed time: 00:00:15
Finished restore at 2017-10-31 12:03:42

sql statement: alter system archive log current
current log archived

contents of Memory Script:
{
   restore clone force from service  'JOSHC1' 
           archivelog from scn  3708914;
   switch clone datafile all;
}
executing Memory Script

Starting restore at 2017-10-31 12:03:42
using channel ORA_AUX_DISK_1
using channel ORA_AUX_DISK_2
using channel ORA_AUX_DISK_3
using channel ORA_AUX_DISK_4
using channel ORA_AUX_DISK_5
using channel ORA_AUX_DISK_6
using channel ORA_AUX_DISK_7
using channel ORA_AUX_DISK_8

channel ORA_AUX_DISK_1: starting archived log restore to default destination
channel ORA_AUX_DISK_1: using network backup set from service JOSHC1
channel ORA_AUX_DISK_1: restoring archived log
archived log thread=1 sequence=374
channel ORA_AUX_DISK_2: starting archived log restore to default destination
channel ORA_AUX_DISK_2: using network backup set from service JOSHC1
channel ORA_AUX_DISK_2: restoring archived log
archived log thread=1 sequence=375
channel ORA_AUX_DISK_1: restore complete, elapsed time: 00:00:00
channel ORA_AUX_DISK_2: restore complete, elapsed time: 00:00:01
Finished restore at 2017-10-31 12:03:43

datafile 1 switched to datafile copy
input datafile copy RECID=13 STAMP=958824223 file name=/oradata/JOSHC2/datafile/o1_mf_system_dzjsngnk_.dbf
datafile 2 switched to datafile copy
input datafile copy RECID=14 STAMP=958824223 file name=/oradata/JOSHC2/datafile/o1_mf_system_dzjsngrx_.dbf
datafile 3 switched to datafile copy
input datafile copy RECID=15 STAMP=958824223 file name=/oradata/JOSHC2/datafile/o1_mf_sysaux_dzjsnh32_.dbf
datafile 4 switched to datafile copy
input datafile copy RECID=16 STAMP=958824223 file name=/oradata/JOSHC2/datafile/o1_mf_sysaux_dzjsnh2g_.dbf
datafile 5 switched to datafile copy
input datafile copy RECID=17 STAMP=958824223 file name=/oradata/JOSHC2/datafile/o1_mf_undotbs1_dzjsnh8y_.dbf

contents of Memory Script:
{
   set until scn  3709180;
   recover
   clone database
    delete archivelog
   ;
}
executing Memory Script

executing command: SET until clause

Starting recover at 2017-10-31 12:03:43
using channel ORA_AUX_DISK_1
using channel ORA_AUX_DISK_2
using channel ORA_AUX_DISK_3
using channel ORA_AUX_DISK_4
using channel ORA_AUX_DISK_5
using channel ORA_AUX_DISK_6
using channel ORA_AUX_DISK_7
using channel ORA_AUX_DISK_8

starting media recovery

archived log for thread 1 with sequence 374 is already on disk as file /backup/JOSHC2/archivelog/2017_10_31/o1_mf_1_374_dzjsnynm_.arc
archived log for thread 1 with sequence 375 is already on disk as file /backup/JOSHC2/archivelog/2017_10_31/o1_mf_1_375_dzjsnys9_.arc
archived log file name=/backup/JOSHC2/archivelog/2017_10_31/o1_mf_1_374_dzjsnynm_.arc thread=1 sequence=374
archived log file name=/backup/JOSHC2/archivelog/2017_10_31/o1_mf_1_375_dzjsnys9_.arc thread=1 sequence=375
media recovery complete, elapsed time: 00:00:00
Finished recover at 2017-10-31 12:03:44
Oracle instance started

Total System Global Area     281018368 bytes

Fixed Size                     2923440 bytes
Variable Size                222299216 bytes
Database Buffers              50331648 bytes
Redo Buffers                   5464064 bytes

contents of Memory Script:
{
   sql clone "alter system set  db_name = 
 ''JOSHC2'' comment=
 ''Reset to original value by RMAN'' scope=spfile";
   sql clone "alter system reset  db_unique_name scope=spfile";
}
executing Memory Script

sql statement: alter system set  db_name =  ''JOSHC2'' comment= ''Reset to original value by RMAN'' scope=spfile

sql statement: alter system reset  db_unique_name scope=spfile
Oracle instance started

Total System Global Area     281018368 bytes

Fixed Size                     2923440 bytes
Variable Size                222299216 bytes
Database Buffers              50331648 bytes
Redo Buffers                   5464064 bytes
sql statement: CREATE CONTROLFILE REUSE SET DATABASE "JOSHC2" RESETLOGS ARCHIVELOG 
  MAXLOGFILES     16
  MAXLOGMEMBERS      3
  MAXDATAFILES     1024
  MAXINSTANCES     8
  MAXLOGHISTORY      292
 LOGFILE
  GROUP   1  SIZE 50 M ,
  GROUP   2  SIZE 50 M ,
  GROUP   3  SIZE 50 M 
 DATAFILE
  '/oradata/JOSHC2/datafile/o1_mf_system_dzjsngnk_.dbf',
  '/oradata/JOSHC2/datafile/o1_mf_system_dzjsngrx_.dbf'
 CHARACTER SET AL32UTF8


contents of Memory Script:
{
   set newname for clone tempfile  1 to new;
   set newname for clone tempfile  2 to new;
   switch clone tempfile all;
   catalog clone datafilecopy  "/oradata/JOSHC2/datafile/o1_mf_sysaux_dzjsnh32_.dbf", 
 "/oradata/JOSHC2/datafile/o1_mf_sysaux_dzjsnh2g_.dbf", 
 "/oradata/JOSHC2/datafile/o1_mf_undotbs1_dzjsnh8y_.dbf";
   switch clone datafile all;
}
executing Memory Script

executing command: SET NEWNAME

executing command: SET NEWNAME

renamed tempfile 1 to /oradata/JOSHC2/datafile/o1_mf_temp_%u_.tmp in control file
renamed tempfile 2 to /oradata/JOSHC2/datafile/o1_mf_temp_%u_.tmp in control file

cataloged datafile copy
datafile copy file name=/oradata/JOSHC2/datafile/o1_mf_sysaux_dzjsnh32_.dbf RECID=1 STAMP=958824243
cataloged datafile copy
datafile copy file name=/oradata/JOSHC2/datafile/o1_mf_sysaux_dzjsnh2g_.dbf RECID=2 STAMP=958824243
cataloged datafile copy
datafile copy file name=/oradata/JOSHC2/datafile/o1_mf_undotbs1_dzjsnh8y_.dbf RECID=3 STAMP=958824243

datafile 3 switched to datafile copy
input datafile copy RECID=1 STAMP=958824243 file name=/oradata/JOSHC2/datafile/o1_mf_sysaux_dzjsnh32_.dbf
datafile 4 switched to datafile copy
input datafile copy RECID=2 STAMP=958824243 file name=/oradata/JOSHC2/datafile/o1_mf_sysaux_dzjsnh2g_.dbf
datafile 5 switched to datafile copy
input datafile copy RECID=3 STAMP=958824243 file name=/oradata/JOSHC2/datafile/o1_mf_undotbs1_dzjsnh8y_.dbf
Reenabling controlfile options for auxiliary database
Executing: alter database force logging

contents of Memory Script:
{
   Alter clone database open resetlogs;
}
executing Memory Script

database opened
Cannot remove created server parameter file
Finished Duplicate Db at 2017-10-31 12:04:05

RMAN> 
RMAN> 

Recovery Manager complete.

*** PASSED ***

Next: restart the DESTINATION database JOSHC2 listener with the default TNS_ADMIN

*** Stopping listener LISTENER_JOSHC2 ***

LSNRCTL for Linux: Version 12.1.0.2.0 - Production on 31-OCT-2017 12:04:05

Copyright (c) 1991, 2014, Oracle.  All rights reserved.

Connecting to (DESCRIPTION=(ADDRESS=(PROTOCOL=TCP)(HOST=oel6-db-dg)(PORT=1522)))
The command completed successfully

*** Starting listener LISTENER_JOSHC2 with TNS_ADMIN =  ***

LSNRCTL for Linux: Version 12.1.0.2.0 - Production on 31-OCT-2017 12:04:05

Copyright (c) 1991, 2014, Oracle.  All rights reserved.

Starting /apps/oracle/product/12.1.0.2/dbhome_1/bin/tnslsnr: please wait...

TNSLSNR for Linux: Version 12.1.0.2.0 - Production
System parameter file is /apps/oracle/product/12.1.0.2/dbhome_1/network/admin/listener.ora
Log messages written to /apps/oracle/diag/tnslsnr/oel6-db-dg/listener_joshc2/alert/log.xml
Listening on: (DESCRIPTION=(ADDRESS=(PROTOCOL=tcp)(HOST=oel6-db-dg)(PORT=1522)))

Connecting to (DESCRIPTION=(ADDRESS=(PROTOCOL=TCP)(HOST=oel6-db-dg)(PORT=1522)))
STATUS of the LISTENER
------------------------
Alias                     LISTENER_JOSHC2
Version                   TNSLSNR for Linux: Version 12.1.0.2.0 - Production
Start Date                31-OCT-2017 12:04:05
Uptime                    0 days 0 hr. 0 min. 0 sec
Trace Level               off
Security                  ON: Local OS Authentication
SNMP                      OFF
Listener Parameter File   /apps/oracle/product/12.1.0.2/dbhome_1/network/admin/listener.ora
Listener Log File         /apps/oracle/diag/tnslsnr/oel6-db-dg/listener_joshc2/alert/log.xml
Listening Endpoints Summary...
  (DESCRIPTION=(ADDRESS=(PROTOCOL=tcp)(HOST=oel6-db-dg)(PORT=1522)))
Services Summary...
Service "JOSHC2" has 1 instance(s).
  Instance "JOSHC2", status UNKNOWN, has 1 handler(s) for this service...
The command completed successfully

TNS Ping Utility for Linux: Version 12.1.0.2.0 - Production on 31-OCT-2017 12:04:05

Copyright (c) 1997, 2014, Oracle.  All rights reserved.

Used parameter files:
/apps/oracle/product/12.1.0.2/dbhome_1/network/admin/sqlnet.ora


Used TNSNAMES adapter to resolve the alias
Attempting to contact (ADDRESS = (PROTOCOL = TCP)(HOST = oel6-db-dg)(PORT = 1522))
OK (0 msec)
*** PASSED ***

Next: disable the automated maintenance tasks in JOSHC2
NEXT_STEP = disable_auto_maint_tasks_DEST_DB

*** Disabling the automated maintenance tasks in JOSHC2 ***
USER is "SYS"

CLIENT_NAME				 STATUS_BEFOR ATTRIBUTES
---------------------------------------- ------------ ------------------------------------------------------------
auto optimizer stats collection 	 ENABLED      ON BY DEFAULT, VOLATILE, SAFE TO KILL
auto space advisor			 ENABLED      ON BY DEFAULT, VOLATILE, SAFE TO KILL
sql tuning advisor			 ENABLED      ONCE PER WINDOW, ON BY DEFAULT, VOLATILE, SAFE TO KILL

3 rows selected.

Elapsed: 00:00:00.27

PL/SQL procedure successfully completed.

Elapsed: 00:00:00.02

PL/SQL procedure successfully completed.

Elapsed: 00:00:00.00

CLIENT_NAME				 STATUS_AFTER ATTRIBUTES
---------------------------------------- ------------ ------------------------------------------------------------
auto optimizer stats collection 	 ENABLED      ON BY DEFAULT, VOLATILE, SAFE TO KILL
auto space advisor			 DISABLED     ON BY DEFAULT, VOLATILE, SAFE TO KILL
sql tuning advisor			 DISABLED     ONCE PER WINDOW, ON BY DEFAULT, VOLATILE, SAFE TO KILL

3 rows selected.

Elapsed: 00:00:00.12
*** PASSED ***

Next: disable archive log mode in the new JOSHC2

*** Disabling archive log mode in JOSHC2 ***
USER is "SYS"

HOST_NAME							 INSTANCE_NAME	  STATUS       INSTANCE_ROLE
---------------------------------------------------------------- ---------------- ------------ ------------------
oel6-db-dg							 JOSHC2 	  OPEN	       PRIMARY_INSTANCE

1 row selected.

Elapsed: 00:00:00.01

NAME	  OPEN_MODE	       DATABASE_ROLE	LOG_MODE_BEFORE
--------- -------------------- ---------------- --------------------
JOSHC2	  READ WRITE	       PRIMARY		ARCHIVELOG

1 row selected.

Elapsed: 00:00:00.00
Database closed.
Database dismounted.
ORACLE instance shut down.
ORACLE instance started.

Total System Global Area  281018368 bytes
Fixed Size		    2923440 bytes
Variable Size		  222299216 bytes
Database Buffers	   50331648 bytes
Redo Buffers		    5464064 bytes
Database mounted.

Database altered.

Elapsed: 00:00:00.00

Database altered.

Elapsed: 00:00:00.71

NAME	  OPEN_MODE	       DATABASE_ROLE	LOG_MODE_AFTER
--------- -------------------- ---------------- --------------------
JOSHC2	  READ WRITE	       PRIMARY		NOARCHIVELOG

1 row selected.

Elapsed: 00:00:00.00
*** PASSED ***

Next: Delete all archivelogs for JOSHC2 database
NEXT_STEP = delete_all_archivelogs_DEST_DB

*** Deleting all archivelogs for JOSHC2 database ***

Recovery Manager: Release 12.1.0.2.0 - Production on Tue Oct 31 12:05:31 2017

Copyright (c) 1982, 2014, Oracle and/or its affiliates.  All rights reserved.

connected to target database: JOSHC2 (DBID=919497776)
using target database control file instead of recovery catalog

RMAN> 
RMAN> 
allocated channel: ORA_DISK_1
channel ORA_DISK_1: SID=162 device type=DISK
specification does not match any archived log in the repository

RMAN> 
RMAN> 

Recovery Manager complete.
*** PASSED ***

Next: Purge recyclebin for JOSHC2 database
NEXT_STEP = purge_recyclebin_DEST_DB

*** Purging the DBA recyclebin in JOSHC2 ***
USER is "SYS"
Purge the DBA Recyclebin

NAME				     TYPE	 VALUE
------------------------------------ ----------- ------------------------------
recyclebin			     string	 on

DBA Recyclebin purged.

Elapsed: 00:00:01.07
*** PASSED ***

Next: set the ADR short and long purge policies for the JOSHC2 database and listener

*** Settting the ADR purge polices for JOSHC2 database and listener ***

ADRCI: Release 12.1.0.2.0 - Production on Tue Oct 31 12:05:33 2017

Copyright (c) 1982, 2014, Oracle and/or its affiliates.  All rights reserved.

ADR base = "/apps/oracle"
adrci> adrci> 
ADR Home = /apps/oracle/diag/rdbms/joshc2/JOSHC2:
*************************************************************************
ADRID                SHORTP_POLICY        LONGP_POLICY         LAST_MOD_TIME                            LAST_AUTOPRG_TIME                        LAST_MANUPRG_TIME                        ADRDIR_VERSION       ADRSCHM_VERSION      ADRSCHMV_SUMMARY     ADRALERT_VERSION     CREATE_TIME                              
-------------------- -------------------- -------------------- ---------------------------------------- ---------------------------------------- ---------------------------------------- -------------------- -------------------- -------------------- -------------------- ---------------------------------------- 
1067532844           720                  8760                 2017-10-31 12:02:19.885009 +00:00                                                                                          1                    2                    82                   1                    2017-10-31 12:02:19.885009 +00:00       
1 rows fetched

adrci> adrci> adrci> adrci> 
ADR Home = /apps/oracle/diag/rdbms/joshc2/JOSHC2:
*************************************************************************
ADRID                SHORTP_POLICY        LONGP_POLICY         LAST_MOD_TIME                            LAST_AUTOPRG_TIME                        LAST_MANUPRG_TIME                        ADRDIR_VERSION       ADRSCHM_VERSION      ADRSCHMV_SUMMARY     ADRALERT_VERSION     CREATE_TIME                              
-------------------- -------------------- -------------------- ---------------------------------------- ---------------------------------------- ---------------------------------------- -------------------- -------------------- -------------------- -------------------- ---------------------------------------- 
1067532844           72                   336                  2017-10-31 12:05:33.498304 +00:00                                                 2017-10-31 12:05:33.506548 +00:00        1                    2                    82                   1                    2017-10-31 12:02:19.885009 +00:00       
1 rows fetched

adrci> adrci> adrci> 
ADR Home = /apps/oracle/diag/tnslsnr/oel6-db-dg/listener_joshc2:
*************************************************************************
ADRID                SHORTP_POLICY        LONGP_POLICY         LAST_MOD_TIME                            LAST_AUTOPRG_TIME                        LAST_MANUPRG_TIME                        ADRDIR_VERSION       ADRSCHM_VERSION      ADRSCHMV_SUMMARY     ADRALERT_VERSION     CREATE_TIME                              
-------------------- -------------------- -------------------- ---------------------------------------- ---------------------------------------- ---------------------------------------- -------------------- -------------------- -------------------- -------------------- ---------------------------------------- 
1131077314           72                   336                  2017-10-31 11:57:21.320672 +00:00                                                 2017-10-31 11:57:21.322137 +00:00        1                    2                    82                   1                    2017-10-26 15:04:39.931184 +01:00       
1 rows fetched

adrci> adrci> adrci> adrci> 
ADR Home = /apps/oracle/diag/tnslsnr/oel6-db-dg/listener_joshc2:
*************************************************************************
ADRID                SHORTP_POLICY        LONGP_POLICY         LAST_MOD_TIME                            LAST_AUTOPRG_TIME                        LAST_MANUPRG_TIME                        ADRDIR_VERSION       ADRSCHM_VERSION      ADRSCHMV_SUMMARY     ADRALERT_VERSION     CREATE_TIME                              
-------------------- -------------------- -------------------- ---------------------------------------- ---------------------------------------- ---------------------------------------- -------------------- -------------------- -------------------- -------------------- ---------------------------------------- 
1131077314           72                   336                  2017-10-31 12:05:33.583187 +00:00                                                 2017-10-31 12:05:33.584649 +00:00        1                    2                    82                   1                    2017-10-26 15:04:39.931184 +01:00       
1 rows fetched

adrci> adrci> *** PASSED ***

Next: Cleanup audit tables in the JOSHC2 database
NEXT_STEP = cleanup_audit_tabs_DEST_DB

*** Cleanup of audit tables SYS.AUD$ and SYS.FGA_LOG$ in the JOSHC2 database ***

Truncate and move database audit tables SYS.AUD$ and SYS.FGA_LOG$

OWNER	   TABLESPACE_NAME	TABLE_NAME     MBYTES
---------- -------------------- ---------- ----------
SYS	   SYSAUX		AUD$		  .06
SYS	   SYSAUX		FGA_LOG$	  .06

2 rows selected.

Elapsed: 00:00:00.05
truncate table SYS.AUD$

Table truncated.

Elapsed: 00:00:00.04
truncate table SYS.FGA_LOG$

Table truncated.

Elapsed: 00:00:00.07

Execute DBMS_AUDIT_MGMT.INIT_CLEANUP which moves the tables to SYSAUX

PL/SQL procedure successfully completed.

Elapsed: 00:00:00.01

PL/SQL procedure successfully completed.

Elapsed: 00:00:00.36

PL/SQL procedure successfully completed.

Elapsed: 00:00:00.04

OWNER	   TABLESPACE_NAME	TABLE_NAME     MBYTES
---------- -------------------- ---------- ----------
SYS	   SYSAUX		AUD$		  .06
SYS	   SYSAUX		FGA_LOG$	  .06

2 rows selected.

Elapsed: 00:00:00.04
*** PASSED ***

Next: Cleanup unified auditing in the JOSHC2 database
NEXT_STEP = cleanup_unified_auditing_DEST_DB

*** Cleanup of unified auditing segments in the JOSHC2 database ***

The Unified Audit trail is in AUDSYS schema with segments in the SYSAUX tablespace

OWNER	   TABLESPACE_NAME	SEGMENT_TYPE		 MBYTES
---------- -------------------- -------------------- ----------
AUDSYS	   SYSAUX		INDEX PARTITION 	    .25
AUDSYS	   SYSAUX		LOB PARTITION		    .13
AUDSYS	   SYSAUX		TABLE PARTITION 	    .13

3 rows selected.

Elapsed: 00:00:00.08

The Unified Audit trail option is not set by default

Unified Auditing option set
----------------------------------------------------------------
FALSE

1 row selected.

Elapsed: 00:00:00.00

However, by default 2 policies are enabled even if the Unified Audit trail option is not set

USER_NAME	     POLICY_NAME
-------------------- --------------------
ALL USERS	     ORA_SECURECONFIG
ALL USERS	     ORA_LOGON_FAILURES

2 rows selected.

Elapsed: 00:00:00.01

Disable both policies

Noaudit succeeded.

Elapsed: 00:00:00.02

Noaudit succeeded.

Elapsed: 00:00:00.00


no rows selected

Elapsed: 00:00:00.00

Purge the Unified Audit trail

PL/SQL procedure successfully completed.

Elapsed: 00:00:00.20

Check if segment space usage has been reduced

OWNER	   TABLESPACE_NAME	SEGMENT_TYPE		 MBYTES
---------- -------------------- -------------------- ----------
AUDSYS	   SYSAUX		INDEX PARTITION 	    .25
AUDSYS	   SYSAUX		LOB PARTITION		    .13
AUDSYS	   SYSAUX		TABLE PARTITION 	    .06

3 rows selected.

Elapsed: 00:00:00.08
*** PASSED ***

Next: reset RMAN configuration for the JOSHC2 database

*** Resetting RMAN configuration for JOSHC2 database ***

Recovery Manager: Release 12.1.0.2.0 - Production on Tue Oct 31 12:05:34 2017

Copyright (c) 1982, 2014, Oracle and/or its affiliates.  All rights reserved.

connected to target database: JOSHC2 (DBID=919497776)
using target database control file instead of recovery catalog

RMAN> 
RMAN configuration parameters for database with db_unique_name JOSHC2 are:
CONFIGURE RETENTION POLICY TO REDUNDANCY 1; # default
CONFIGURE BACKUP OPTIMIZATION OFF; # default
CONFIGURE DEFAULT DEVICE TYPE TO DISK; # default
CONFIGURE CONTROLFILE AUTOBACKUP ON; # default
CONFIGURE CONTROLFILE AUTOBACKUP FORMAT FOR DEVICE TYPE DISK TO '%F'; # default
CONFIGURE DEVICE TYPE DISK PARALLELISM 1 BACKUP TYPE TO BACKUPSET; # default
CONFIGURE DATAFILE BACKUP COPIES FOR DEVICE TYPE DISK TO 1; # default
CONFIGURE ARCHIVELOG BACKUP COPIES FOR DEVICE TYPE DISK TO 1; # default
CONFIGURE MAXSETSIZE TO UNLIMITED; # default
CONFIGURE ENCRYPTION FOR DATABASE OFF; # default
CONFIGURE ENCRYPTION ALGORITHM 'AES128'; # default
CONFIGURE COMPRESSION ALGORITHM 'BASIC' AS OF RELEASE 'DEFAULT' OPTIMIZE FOR LOAD TRUE ; # default
CONFIGURE RMAN OUTPUT TO KEEP FOR 7 DAYS; # default
CONFIGURE ARCHIVELOG DELETION POLICY TO NONE; # default
CONFIGURE SNAPSHOT CONTROLFILE NAME TO '/apps/oracle/product/12.1.0.2/dbhome_1/dbs/snapcf_JOSHC2.f'; # default

RMAN> 
RMAN configuration parameters are successfully reset to default value

RMAN> 
RMAN configuration parameters are successfully reset to default value

RMAN> 
RMAN configuration parameters are successfully reset to default value

RMAN> 
RMAN configuration parameters are successfully reset to default value

RMAN> 
RMAN configuration parameters are successfully reset to default value

RMAN> 
RMAN configuration parameters are successfully reset to default value

RMAN> 
RMAN configuration parameters are successfully reset to default value

RMAN> 
RMAN configuration parameters are successfully reset to default value

RMAN> 
RMAN configuration parameters are successfully reset to default value

RMAN> 2> 

Recovery Manager complete.
*** PASSED ***

Next: recreate any database directories that have JOSHC1 in the path

*** Recreating any database directories that have JOSHC1 in the path ***
*** Recreate directories ***

no rows selected

Elapsed: 00:00:00.01

PL/SQL procedure successfully completed.

Elapsed: 00:00:00.03

no rows selected

Elapsed: 00:00:00.01
*** PASSED ***

Next: disable all non system DBMS Scheduler jobs in JOSHC2 database
NEXT_STEP = disable_all_non_system_scheduler_jobs_DEST_DB

*** Disabling all non system DBMS scheduler jobs ***


OWNER			       JOB_NAME 		      JOB_CREATOR		     ENABLED_BEFORE
------------------------------ ------------------------------ ------------------------------ --------------------
APEX_040200		       ORACLE_APEX_DAILY_MAINTENANCE  SYS			     TRUE
APEX_040200		       ORACLE_APEX_MAIL_QUEUE	      SYS			     TRUE
APEX_040200		       ORACLE_APEX_PURGE_SESSIONS     SYS			     TRUE
APEX_040200		       ORACLE_APEX_WS_NOTIFICATIONS   SYS			     TRUE

4 rows selected.

Elapsed: 00:00:00.11

PL/SQL procedure successfully completed.

Elapsed: 00:00:02.79

OWNER			       JOB_NAME 		      JOB_CREATOR		     ENABLED_AFTER
------------------------------ ------------------------------ ------------------------------ --------------------
APEX_040200		       ORACLE_APEX_DAILY_MAINTENANCE  SYS			     FALSE
APEX_040200		       ORACLE_APEX_MAIL_QUEUE	      SYS			     FALSE
APEX_040200		       ORACLE_APEX_PURGE_SESSIONS     SYS			     FALSE
APEX_040200		       ORACLE_APEX_WS_NOTIFICATIONS   SYS			     FALSE

4 rows selected.

Elapsed: 00:00:00.09
*** PASSED ***

Next: break all non system database jobs in JOSHC2 database
NEXT_STEP = break_all_non_system_db_jobs_DEST_DB

*** Breaking all non system database jobs ***


no rows selected

Elapsed: 00:00:00.00

PL/SQL procedure successfully completed.

Elapsed: 00:00:00.01

no rows selected

Elapsed: 00:00:00.00
*** PASSED ***

Next: execute the system and environment specific post DB refresh script against JOSHC2 database
NEXT_STEP = execute_post_DB_refresh_script

*** Executing the post database refresh scripts in directory /home/oracle/josh/rman_dup_refresh/JOSH/post_DB_refresh ***

*** Log file: /home/oracle/josh/rman_dup_refresh/JOSH/logs/rman_dup_refresh_JOSHC1_JOSHC2_20171031_1201_post_DB_refresh.log ***


SQL*Plus: Release 12.1.0.2.0 Production on Tue Oct 31 12:05:38 2017

Copyright (c) 1982, 2014, Oracle.  All rights reserved.


Connected to:
Oracle Database 12c Enterprise Edition Release 12.1.0.2.0 - 64bit Production
With the Partitioning, OLAP, Advanced Analytics and Real Application Testing options

12:05:38 SYS@JOSHC2> 
12:05:38 SYS@JOSHC2> 12:05:38 SYS@JOSHC2> 12:05:38 SYS@JOSHC2> 12:05:38 SYS@JOSHC2> 12:05:38 SYS@JOSHC2> 12:05:38 SYS@JOSHC2> 12:05:38 SYS@JOSHC2> 12:05:38 SYS@JOSHC2> 12:05:38 SYS@JOSHC2> 12:05:38 SYS@JOSHC2> 12:05:38 SYS@JOSHC2> 12:05:38 SYS@JOSHC2> 12:05:38 SYS@JOSHC2> 12:05:38 SYS@JOSHC2> 
P_
--
c2
Elapsed: 00:00:00.00
12:05:38 SYS@JOSHC2> 12:05:38 SYS@JOSHC2> 12:05:38 SYS@JOSHC2> 12:05:38 SYS@JOSHC2> 12:05:38 SYS@JOSHC2> 12:05:38 SYS@JOSHC2> 12:05:38 SYS@JOSHC2> 12:05:38 SYS@JOSHC2> 12:05:38 SYS@JOSHC2> *** Executing post-refresh database scripts ***
12:05:38 SYS@JOSHC2> 12:05:38 SYS@JOSHC2> 12:05:38 SYS@JOSHC2> 12:05:38 SYS@JOSHC2> set heading on
12:05:38 SYS@JOSHC2> set verify off
12:05:38 SYS@JOSHC2> set timing off
12:05:38 SYS@JOSHC2> set feedback on
12:05:38 SYS@JOSHC2> set serveroutput on
12:05:38 SYS@JOSHC2> set echo on
12:05:38 SYS@JOSHC2> 
12:05:38 SYS@JOSHC2> whenever sqlerror CONTINUE
12:05:38 SYS@JOSHC2> 
12:05:38 SYS@JOSHC2> select '&SCRIPT_DIR'  "Post Refresh Script Dir" from dual;

Post Refresh Script Dir
-------------------------------------------------------
/home/oracle/josh/rman_dup_refresh/JOSH/post_DB_refresh

1 row selected.

12:05:38 SYS@JOSHC2> 
12:05:38 SYS@JOSHC2> define SCRIPT1='&DEST_SID._script1.sql'
12:05:38 SYS@JOSHC2> define SCRIPT2='&DEST_SID._script2.sql'
12:05:38 SYS@JOSHC2> 
12:05:38 SYS@JOSHC2> @&SCRIPT_DIR/&SCRIPT1
12:05:38 SYS@JOSHC2> -- alter user sys identified by &sys_pwd;
12:05:38 SYS@JOSHC2> @&SCRIPT_DIR/&SCRIPT2
12:05:38 SYS@JOSHC2> -- select sysdate from dual;
12:05:38 SYS@JOSHC2> 
12:05:38 SYS@JOSHC2> 12:05:38 SYS@JOSHC2> Disconnected from Oracle Database 12c Enterprise Edition Release 12.1.0.2.0 - 64bit Production
With the Partitioning, OLAP, Advanced Analytics and Real Application Testing options
*** PASSED ***

Next: stop OEM Cloud Control blackouts for database JOSHC2 and its listener
NEXT_STEP = stop_oem_blackouts_DEST_DB

*** Stopping OEM blackout for database JOSHC2
Oracle Enterprise Manager Cloud Control 13c Release 2  
Copyright (c) 1996, 2016 Oracle Corporation.  All rights reserved.
Blackout rman_dup_refresh_JOSHC2 stopped successfully
EMD reload completed successfully
Oracle Enterprise Manager Cloud Control 13c Release 2  
Copyright (c) 1996, 2016 Oracle Corporation.  All rights reserved.
No Blackout registered.
*** PASSED ***

2017-10-31 12:02:03 - PASSED  - start_oem_blackouts_DEST_DB
2017-10-31 12:02:03 - PASSED  - tnsping_SOURCE_DB
2017-10-31 12:02:03 - PASSED  - tnsping_DEST_DB
2017-10-31 12:02:03 - PASSED  - restart_DEST_DB_LSNR
2017-10-31 12:02:03 - PASSED  - status_DEST_DB_LSNR
2017-10-31 12:02:03 - PASSED  - replace_orapw_file_DEST_DB
2017-10-31 12:02:09 - PASSED  - restart_nomount_DEST_DB
2017-10-31 12:02:09 - PASSED  - sysbackup_test_SOURCE_DB
2017-10-31 12:02:09 - PASSED  - sysbackup_test_DEST_DB
2017-10-31 12:02:09 - PASSED  - sysdba_test_DEST_DB
2017-10-31 12:02:27 - PASSED  - drop_DEST_DB
2017-10-31 12:02:33 - PASSED  - restart_nomount_DEST_DB
2017-10-31 12:04:05 - PASSED  - do_rman_dup_from_active_to_DEST_DB
2017-10-31 12:04:05 - PASSED  - restart_DEST_DB_LSNR
2017-10-31 12:04:05 - PASSED  - disable_auto_maint_tasks_DEST_DB
2017-10-31 12:05:31 - PASSED  - disable_archive_log_mode_DEST_DB
2017-10-31 12:05:32 - PASSED  - delete_all_archivelogs_DEST_DB
2017-10-31 12:05:33 - PASSED  - purge_recyclebin_DEST_DB
2017-10-31 12:05:33 - PASSED  - set_ADR_purge_policies_DEST_DB
2017-10-31 12:05:34 - PASSED  - cleanup_audit_tabs_DEST_DB
2017-10-31 12:05:34 - PASSED  - cleanup_unified_auditing_DEST_DB
2017-10-31 12:05:35 - PASSED  - reset_RMAN_config_DEST_DB
2017-10-31 12:05:35 - PASSED  - recreate_DB_dirs_DEST_DB
2017-10-31 12:05:38 - PASSED  - disable_all_non_system_scheduler_jobs_DEST_DB
2017-10-31 12:05:38 - PASSED  - break_all_non_system_db_jobs_DEST_DB
2017-10-31 12:05:38 - PASSED  - execute_post_DB_refresh_script
2017-10-31 12:05:42 - PASSED  - stop_oem_blackouts_DEST_DB

Main log file              : /home/oracle/josh/rman_dup_refresh/JOSH/logs/rman_dup_refresh_JOSHC1_JOSHC2_20171031_1201.log
RMAN log file              : /home/oracle/josh/rman_dup_refresh/JOSH/logs/rman_dup_refresh_JOSHC1_JOSHC2_20171031_1201_rman.log
Results log file           : /home/oracle/josh/rman_dup_refresh/JOSH/logs/rman_dup_refresh_JOSHC1_JOSHC2_20171031_1201_results.log
Source DB SID              : JOSHC1
Destination DB SID         : JOSHC2

Post refresh SQL directory : /home/oracle/josh/rman_dup_refresh/JOSH/post_DB_refresh
Post refresh SQL log file  : /home/oracle/josh/rman_dup_refresh/JOSH/logs/rman_dup_refresh_JOSHC1_JOSHC2_20171031_1201_post_DB_refresh.log

Tue Oct 31 12:05:42 GMT 2017 - rman_dup_refresh finished
